<?xml version="1.0" encoding="UTF-8"?>
<!-- Generated by org.testng.reporters.JUnitReportReporter -->
<testsuite hostname="Envy" name="gapp.model.dao.UserDaoTest" tests="1" failures="0" timestamp="28 Jan 2016 02:46:01 GMT" time="0.133" errors="0">
  <testcase name="getApplication" time="0.133" classname="gapp.model.dao.UserDaoTest"/>
</testsuite> <!-- gapp.model.dao.UserDaoTest -->
