<?xml version="1.0" encoding="UTF-8"?>
<!-- Generated by org.testng.reporters.JUnitReportReporter -->
<testsuite hostname="Envy" name="gapp.model.dao.ApplicationDaoTest" tests="1" failures="0" timestamp="8 Feb 2016 01:20:56 GMT" time="0.444" errors="0">
  <testcase name="getApplication" time="0.444" classname="gapp.model.dao.ApplicationDaoTest"/>
</testsuite> <!-- gapp.model.dao.ApplicationDaoTest -->
