<?xml version="1.0" encoding="UTF-8"?>
<!-- Generated by org.testng.reporters.JUnitReportReporter -->
<testsuite hostname="Envy" name="springmvc.model.dao.UserDaoTest" tests="2" failures="0" timestamp="8 Feb 2016 01:23:13 GMT" time="0.231" errors="0">
  <testcase name="getUsers" time="0.180" classname="springmvc.model.dao.UserDaoTest"/>
  <testcase name="getUser" time="0.051" classname="springmvc.model.dao.UserDaoTest"/>
</testsuite> <!-- springmvc.model.dao.UserDaoTest -->
