<?xml version="1.0" encoding="UTF-8"?>
<!-- Generated by org.testng.reporters.JUnitReportReporter -->
<testsuite hostname="Envy" name="gapp.model.dao.TermDaoTest" tests="1" failures="0" timestamp="8 Feb 2016 01:21:09 GMT" time="0.255" errors="0">
  <testcase name="getTerm" time="0.255" classname="gapp.model.dao.TermDaoTest"/>
</testsuite> <!-- gapp.model.dao.TermDaoTest -->
