<?xml version="1.0" encoding="UTF-8"?>
<!-- Generated by org.testng.reporters.JUnitReportReporter -->
<testsuite hostname="Envy" name="gapp.model.dao.DepartmentDaoTest" tests="1" failures="0" timestamp="8 Feb 2016 01:20:38 GMT" time="0.419" errors="0">
  <testcase name="getDepartment" time="0.419" classname="gapp.model.dao.DepartmentDaoTest"/>
</testsuite> <!-- gapp.model.dao.DepartmentDaoTest -->
