<?xml version="1.0" encoding="UTF-8"?>
<!-- Generated by org.testng.reporters.JUnitReportReporter -->
<testsuite hostname="Envy" name="springmvc.model.dao.UserDaoTest" tests="2" failures="0" timestamp="8 Mar 2016 07:01:35 GMT" time="0.387" errors="0">
  <testcase name="getUsers" time="0.171" classname="springmvc.model.dao.UserDaoTest"/>
  <testcase name="getUser" time="0.216" classname="springmvc.model.dao.UserDaoTest"/>
</testsuite> <!-- springmvc.model.dao.UserDaoTest -->
